<?xml version="1.0" encoding="UTF-8"?>
<!-- Generated by org.testng.reporters.JUnitReportReporter -->
<testsuite hostname="MACs-Mac-mini.local" failures="0" tests="1" name="testng_framework.ExpectedExceptionConcept" time="0.010" errors="0" timestamp="2025-07-25T12:10:49 IST" skipped="0">
  <testcase classname="testng_framework.ExpectedExceptionConcept" name="loginTest" time="0.010"/>
</testsuite> <!-- testng_framework.ExpectedExceptionConcept -->
