<?xml version="1.0" encoding="UTF-8"?>
<!-- Generated by org.testng.reporters.JUnitReportReporter -->
<testsuite hostname="MACs-Mac-mini.local" failures="0" tests="3" name="testng_framework.FacebookWithTestNG" time="21.931" errors="0" timestamp="2025-07-25T11:22:45 IST" skipped="0">
  <testcase classname="testng_framework.FacebookWithTestNG" name="testc1" time="3.939"/>
  <testcase classname="testng_framework.FacebookWithTestNG" name="testc3" time="9.666"/>
  <testcase classname="testng_framework.FacebookWithTestNG" name="testc2" time="8.326"/>
</testsuite> <!-- testng_framework.FacebookWithTestNG -->
