<?xml version="1.0" encoding="UTF-8"?>
<!-- Generated by org.testng.reporters.JUnitReportReporter -->
<testsuite hostname="MACs-Mac-mini.local" failures="0" tests="3" name="testng_framework.AnnotationGroups" time="0.014" errors="0" timestamp="2025-07-24T12:07:07 IST" skipped="0">
  <testcase classname="testng_framework.AnnotationGroups" name="testLoginSuccess" time="0.003"/>
  <testcase classname="testng_framework.AnnotationGroups" name="testLoginFailure" time="0.009"/>
  <testcase classname="testng_framework.AnnotationGroups" name="testRegistration" time="0.002"/>
</testsuite> <!-- testng_framework.AnnotationGroups -->
