<?xml version="1.0" encoding="UTF-8"?>
<!-- Generated by org.testng.reporters.JUnitReportReporter -->
<testsuite hostname="MACs-Mac-mini.local" failures="0" tests="3" name="testng_framework.ChromeOptionUse" time="9.464" errors="0" timestamp="2025-07-22T11:00:13 IST" skipped="0">
  <testcase classname="testng_framework.ChromeOptionUse" name="testc1" time="2.714"/>
  <testcase classname="testng_framework.ChromeOptionUse" name="testc3" time="3.156"/>
  <testcase classname="testng_framework.ChromeOptionUse" name="testc2" time="3.594"/>
</testsuite> <!-- testng_framework.ChromeOptionUse -->
