<?xml version="1.0" encoding="UTF-8"?>
<!-- Generated by org.testng.reporters.JUnitReportReporter -->
<testsuite hostname="MACs-Mac-mini.local" failures="0" tests="3" name="testng_framework.AnnotationWithDataProvider" time="0.014" errors="0" timestamp="2025-07-24T09:11:07 IST" skipped="0">
  <testcase classname="testng_framework.AnnotationWithDataProvider" name="testName" time="0.008"/>
  <testcase classname="testng_framework.AnnotationWithDataProvider" name="testName" time="0.001"/>
  <testcase classname="testng_framework.AnnotationWithDataProvider" name="testName" time="0.005"/>
</testsuite> <!-- testng_framework.AnnotationWithDataProvider -->
