<?xml version="1.0" encoding="UTF-8"?>
<!-- Generated by org.testng.reporters.JUnitReportReporter -->
<testsuite hostname="MACs-Mac-mini.local" failures="0" tests="3" name="testng_framework.AnnotationWithDataProvider1" time="27.553" errors="0" timestamp="2025-07-24T10:03:03 IST" skipped="0">
  <testcase classname="testng_framework.AnnotationWithDataProvider1" name="loginFace" time="6.559"/>
  <testcase classname="testng_framework.AnnotationWithDataProvider1" name="loginFace" time="9.455"/>
  <testcase classname="testng_framework.AnnotationWithDataProvider1" name="loginFace" time="11.539"/>
</testsuite> <!-- testng_framework.AnnotationWithDataProvider1 -->
