<?xml version="1.0" encoding="UTF-8"?>
<!-- Generated by org.testng.reporters.JUnitReportReporter -->
<testsuite hostname="MACs-Mac-mini.local" failures="0" tests="3" name="testng_framework.AnnotationWithSoftAssert" time="23.902" errors="0" timestamp="2025-07-25T11:22:45 IST" skipped="0">
  <testcase classname="testng_framework.AnnotationWithSoftAssert" name="testc2" time="8.180"/>
  <testcase classname="testng_framework.AnnotationWithSoftAssert" name="testc3" time="10.240"/>
  <testcase classname="testng_framework.AnnotationWithSoftAssert" name="testc1" time="5.482"/>
</testsuite> <!-- testng_framework.AnnotationWithSoftAssert -->
