<?xml version="1.0" encoding="UTF-8"?>
<!-- Generated by org.testng.reporters.JUnitReportReporter -->
<testsuite hostname="MACs-Mac-mini.local" failures="0" tests="3" name="testng_framework.AnnotationWithHardAssert" time="21.913" errors="0" timestamp="2025-07-25T11:22:45 IST" skipped="0">
  <testcase classname="testng_framework.AnnotationWithHardAssert" name="testc2" time="4.998"/>
  <testcase classname="testng_framework.AnnotationWithHardAssert" name="testc1" time="5.599"/>
  <testcase classname="testng_framework.AnnotationWithHardAssert" name="testc3" time="11.316"/>
</testsuite> <!-- testng_framework.AnnotationWithHardAssert -->
