<?xml version="1.0" encoding="UTF-8"?>
<!-- Generated by org.testng.reporters.JUnitReportReporter -->
<testsuite hostname="MACs-Mac-mini.local" failures="0" tests="3" name="testng_framework.AnnotationBasic1" time="0.015" errors="0" timestamp="2025-07-22T09:37:42 IST" skipped="0">
  <testcase classname="testng_framework.AnnotationBasic1" name="testc2" time="0.003"/>
  <testcase classname="testng_framework.AnnotationBasic1" name="testc1" time="0.007"/>
  <testcase classname="testng_framework.AnnotationBasic1" name="testc3" time="0.005"/>
</testsuite> <!-- testng_framework.AnnotationBasic1 -->
