<?xml version="1.0" encoding="UTF-8"?>
<!-- Generated by org.testng.reporters.JUnitReportReporter -->
<testsuite hostname="MACs-Mac-mini.local" failures="0" tests="3" name="testng_framework.FacebookWithDataProviderExcel" time="35.038" errors="0" timestamp="2025-07-25T11:22:45 IST" skipped="0">
  <testcase classname="testng_framework.FacebookWithDataProviderExcel" name="loginTestcase" time="8.478"/>
  <testcase classname="testng_framework.FacebookWithDataProviderExcel" name="loginTestcase" time="13.792"/>
  <testcase classname="testng_framework.FacebookWithDataProviderExcel" name="loginTestcase" time="12.768"/>
</testsuite> <!-- testng_framework.FacebookWithDataProviderExcel -->
