<?xml version="1.0" encoding="UTF-8"?>
<!-- Generated by org.testng.reporters.JUnitReportReporter -->
<testsuite hostname="MACs-Mac-mini.local" failures="0" tests="3" name="testng_framework.FacebookWithTestNG" time="11.708" errors="0" timestamp="2025-07-22T10:59:47 IST" skipped="0">
  <testcase classname="testng_framework.FacebookWithTestNG" name="testc1" time="3.844"/>
  <testcase classname="testng_framework.FacebookWithTestNG" name="testc3" time="3.452"/>
  <testcase classname="testng_framework.FacebookWithTestNG" name="testc2" time="4.412"/>
</testsuite> <!-- testng_framework.FacebookWithTestNG -->
