<?xml version="1.0" encoding="UTF-8"?>
<!-- Generated by org.testng.reporters.JUnitReportReporter -->
<testsuite hostname="MACs-Mac-mini.local" failures="0" tests="3" name="testng_framework.FacebookWithDataProviderExcel" time="11.500" errors="0" timestamp="2025-07-24T11:42:06 IST" skipped="0">
  <testcase classname="testng_framework.FacebookWithDataProviderExcel" name="loginTestcase" time="4.317"/>
  <testcase classname="testng_framework.FacebookWithDataProviderExcel" name="loginTestcase" time="3.541"/>
  <testcase classname="testng_framework.FacebookWithDataProviderExcel" name="loginTestcase" time="3.642"/>
</testsuite> <!-- testng_framework.FacebookWithDataProviderExcel -->
