<?xml version="1.0" encoding="UTF-8"?>
<!-- Generated by org.testng.reporters.JUnitReportReporter -->
<testsuite hostname="MACs-Mac-mini.local" failures="0" tests="3" name="testng_framework.AnnotationWithHardAssert" time="50.977" errors="0" timestamp="2025-07-25T10:41:02 IST" skipped="0">
  <testcase classname="testng_framework.AnnotationWithHardAssert" name="testc2" time="17.035"/>
  <testcase classname="testng_framework.AnnotationWithHardAssert" name="testc1" time="20.617"/>
  <testcase classname="testng_framework.AnnotationWithHardAssert" name="testc3" time="13.325"/>
</testsuite> <!-- testng_framework.AnnotationWithHardAssert -->
