<?xml version="1.0" encoding="UTF-8"?>
<!-- Generated by org.testng.reporters.JUnitReportReporter -->
<testsuite hostname="MACs-Mac-mini.local" failures="0" tests="5" name="testng_framework.PriorityTest" time="0.025" errors="0" timestamp="2025-07-25T12:30:22 IST" skipped="0">
  <testcase classname="testng_framework.PriorityTest" name="dTest" time="0.009"/>
  <testcase classname="testng_framework.PriorityTest" name="aTest" time="0.001"/>
  <testcase classname="testng_framework.PriorityTest" name="cTest" time="0.001"/>
  <testcase classname="testng_framework.PriorityTest" name="bTest" time="0.012"/>
  <testcase classname="testng_framework.PriorityTest" name="eTest" time="0.002"/>
</testsuite> <!-- testng_framework.PriorityTest -->
