<?xml version="1.0" encoding="UTF-8"?>
<!-- Generated by org.testng.reporters.JUnitReportReporter -->
<testsuite hostname="MACs-Mac-mini.local" failures="0" tests="3" name="testng_framework.FacebookWithDataProviderExcel" time="42.800" errors="0" timestamp="2025-07-25T10:41:02 IST" skipped="0">
  <testcase classname="testng_framework.FacebookWithDataProviderExcel" name="loginTestcase" time="15.816"/>
  <testcase classname="testng_framework.FacebookWithDataProviderExcel" name="loginTestcase" time="15.631"/>
  <testcase classname="testng_framework.FacebookWithDataProviderExcel" name="loginTestcase" time="11.353"/>
</testsuite> <!-- testng_framework.FacebookWithDataProviderExcel -->
