<?xml version="1.0" encoding="UTF-8"?>
<!-- Generated by org.testng.reporters.JUnitReportReporter -->
<testsuite hostname="MACs-Mac-mini.local" failures="0" tests="10" name="testng_framework.InvocationCountTest" time="0.048" errors="0" timestamp="2025-07-25T12:19:53 IST" skipped="0">
  <testcase classname="testng_framework.InvocationCountTest" name="createUser" time="0.008"/>
  <testcase classname="testng_framework.InvocationCountTest" name="createUser" time="0.006"/>
  <testcase classname="testng_framework.InvocationCountTest" name="createUser" time="0.003"/>
  <testcase classname="testng_framework.InvocationCountTest" name="createUser" time="0.003"/>
  <testcase classname="testng_framework.InvocationCountTest" name="createUser" time="0.007"/>
  <testcase classname="testng_framework.InvocationCountTest" name="createUser" time="0.004"/>
  <testcase classname="testng_framework.InvocationCountTest" name="createUser" time="0.007"/>
  <testcase classname="testng_framework.InvocationCountTest" name="createUser" time="0.002"/>
  <testcase classname="testng_framework.InvocationCountTest" name="createUser" time="0.004"/>
  <testcase classname="testng_framework.InvocationCountTest" name="createUser" time="0.004"/>
</testsuite> <!-- testng_framework.InvocationCountTest -->
